# JRE version: OpenJDK Runtime Environment Temurin-17.0.1+12 (17.0.1+12) (build 17.0.1+12)
# Java VM: OpenJDK 64-Bit Server VM Temurin-17.0.1+12 (17.0.1+12, mixed mode, emulated-client, tiered, compressed oops, compressed class ptrs, g1 gc, windows-amd64)
GC Precious Log:
 CPUs: 4 total, 4 available
 Memory: 16298M
 Large Page Support: Disabled
 NUMA Support: Disabled
 Compressed Oops: Enabled (Zero based)
 Heap Region Size: 2M
 Heap Min Capacity: 8M
 Heap Initial Capacity: 256M
 Heap Max Capacity: 4076M
 Pre-touch: Disabled
 Parallel Workers: 4
 Concurrent Workers: 1
 Concurrent Refinement Workers: 4
 Periodic GC: Disabled
Heap:
 garbage-first heap   total 83968K, used 33302K [0x0000000701400000, 0x0000000800000000)
  region size 2048K, 4 young (8192K), 1 survivors (2048K)
 Metaspace       used 63000K, committed 63552K, reserved 1105920K
  class space    used 7787K, committed 8064K, reserved 1048576K
GC Heap History (20 events):
Event: 396.435 GC heap before
{Heap before GC invocations=30 (full 3):
 garbage-first heap   total 69632K, used 52112K [0x0000000701400000, 0x0000000800000000)
  region size 2048K, 15 young (30720K), 0 survivors (0K)
 Metaspace       used 60263K, committed 60864K, reserved 1105920K
  class space    used 7525K, committed 7808K, reserved 1048576K
}
Event: 396.437 GC heap after
{Heap after GC invocations=31 (full 3):
 garbage-first heap   total 69632K, used 24088K [0x0000000701400000, 0x0000000800000000)
  region size 2048K, 2 young (4096K), 2 survivors (4096K)
 Metaspace       used 60263K, committed 60864K, reserved 1105920K
  class space    used 7525K, committed 7808K, reserved 1048576K
}
Event: 396.658 GC heap before
{Heap before GC invocations=31 (full 3):
 garbage-first heap   total 69632K, used 52760K [0x0000000701400000, 0x0000000800000000)
  region size 2048K, 16 young (32768K), 2 survivors (4096K)
 Metaspace       used 60485K, committed 61056K, reserved 1105920K
  class space    used 7550K, committed 7808K, reserved 1048576K
}
Event: 396.660 GC heap after
{Heap after GC invocations=32 (full 3):
 garbage-first heap   total 69632K, used 25379K [0x0000000701400000, 0x0000000800000000)
  region size 2048K, 1 young (2048K), 1 survivors (2048K)
 Metaspace       used 60485K, committed 61056K, reserved 1105920K
  class space    used 7550K, committed 7808K, reserved 1048576K
}
Event: 396.824 GC heap before
{Heap before GC invocations=32 (full 3):
 garbage-first heap   total 69632K, used 49955K [0x0000000701400000, 0x0000000800000000)
  region size 2048K, 14 young (28672K), 1 survivors (2048K)
 Metaspace       used 61257K, committed 61824K, reserved 1105920K
  class space    used 7611K, committed 7872K, reserved 1048576K
}
Event: 396.827 GC heap after
{Heap after GC invocations=33 (full 3):
 garbage-first heap   total 69632K, used 27078K [0x0000000701400000, 0x0000000800000000)
  region size 2048K, 2 young (4096K), 2 survivors (4096K)
 Metaspace       used 61257K, committed 61824K, reserved 1105920K
  class space    used 7611K, committed 7872K, reserved 1048576K
}
Event: 397.016 GC heap before
{Heap before GC invocations=33 (full 3):
 garbage-first heap   total 69632K, used 51654K [0x0000000701400000, 0x0000000800000000)
  region size 2048K, 14 young (28672K), 2 survivors (4096K)
 Metaspace       used 61378K, committed 61952K, reserved 1105920K
  class space    used 7621K, committed 7872K, reserved 1048576K
}
Event: 397.020 GC heap after
{Heap after GC invocations=34 (full 3):
 garbage-first heap   total 69632K, used 28829K [0x0000000701400000, 0x0000000800000000)
  region size 2048K, 2 young (4096K), 2 survivors (4096K)
 Metaspace       used 61378K, committed 61952K, reserved 1105920K
  class space    used 7621K, committed 7872K, reserved 1048576K
}
Event: 402.722 GC heap before
{Heap before GC invocations=34 (full 3):
 garbage-first heap   total 69632K, used 34973K [0x0000000701400000, 0x0000000800000000)
  region size 2048K, 6 young (12288K), 2 survivors (4096K)
 Metaspace       used 61462K, committed 62016K, reserved 1105920K
  class space    used 7627K, committed 7872K, reserved 1048576K
}
Event: 402.760 GC heap after
{Heap after GC invocations=35 (full 4):
 garbage-first heap   total 69632K, used 22058K [0x0000000701400000, 0x0000000800000000)
  region size 2048K, 0 young (0K), 0 survivors (0K)
 Metaspace       used 61410K, committed 62016K, reserved 1105920K
  class space    used 7619K, committed 7872K, reserved 1048576K
}
Event: 403.040 GC heap before
{Heap before GC invocations=35 (full 4):
 garbage-first heap   total 69632K, used 50730K [0x0000000701400000, 0x0000000800000000)
  region size 2048K, 14 young (28672K), 0 survivors (0K)
 Metaspace       used 61774K, committed 62336K, reserved 1105920K
  class space    used 7687K, committed 7936K, reserved 1048576K
}
Event: 403.042 GC heap after
{Heap after GC invocations=36 (full 4):
 garbage-first heap   total 69632K, used 24938K [0x0000000701400000, 0x0000000800000000)
  region size 2048K, 2 young (4096K), 2 survivors (4096K)
 Metaspace       used 61774K, committed 62336K, reserved 1105920K
  class space    used 7687K, committed 7936K, reserved 1048576K
}
Event: 403.251 GC heap before
{Heap before GC invocations=36 (full 4):
 garbage-first heap   total 69632K, used 51562K [0x0000000701400000, 0x0000000800000000)
  region size 2048K, 15 young (30720K), 2 survivors (4096K)
 Metaspace       used 61865K, committed 62400K, reserved 1105920K
  class space    used 7703K, committed 7936K, reserved 1048576K
}
Event: 403.255 GC heap after
{Heap after GC invocations=37 (full 4):
 garbage-first heap   total 69632K, used 25994K [0x0000000701400000, 0x0000000800000000)
  region size 2048K, 1 young (2048K), 1 survivors (2048K)
 Metaspace       used 61865K, committed 62400K, reserved 1105920K
  class space    used 7703K, committed 7936K, reserved 1048576K
}
Event: 403.404 GC heap before
{Heap before GC invocations=37 (full 4):
 garbage-first heap   total 69632K, used 50570K [0x0000000701400000, 0x0000000800000000)
  region size 2048K, 14 young (28672K), 1 survivors (2048K)
 Metaspace       used 62644K, committed 63168K, reserved 1105920K
  class space    used 7765K, committed 8000K, reserved 1048576K
}
Event: 403.407 GC heap after
{Heap after GC invocations=38 (full 4):
 garbage-first heap   total 69632K, used 27380K [0x0000000701400000, 0x0000000800000000)
  region size 2048K, 2 young (4096K), 2 survivors (4096K)
 Metaspace       used 62644K, committed 63168K, reserved 1105920K
  class space    used 7765K, committed 8000K, reserved 1048576K
}
Event: 403.612 GC heap before
{Heap before GC invocations=38 (full 4):
 garbage-first heap   total 69632K, used 51956K [0x0000000701400000, 0x0000000800000000)
  region size 2048K, 14 young (28672K), 2 survivors (4096K)
 Metaspace       used 62906K, committed 63488K, reserved 1105920K
  class space    used 7786K, committed 8064K, reserved 1048576K
}
Event: 403.616 GC heap after
{Heap after GC invocations=39 (full 4):
 garbage-first heap   total 83968K, used 29403K [0x0000000701400000, 0x0000000800000000)
  region size 2048K, 2 young (4096K), 2 survivors (4096K)
 Metaspace       used 62906K, committed 63488K, reserved 1105920K
  class space    used 7786K, committed 8064K, reserved 1048576K
}
Event: 504.036 GC heap before
{Heap before GC invocations=39 (full 4):
 garbage-first heap   total 83968K, used 62171K [0x0000000701400000, 0x0000000800000000)
  region size 2048K, 18 young (36864K), 2 survivors (4096K)
 Metaspace       used 62910K, committed 63488K, reserved 1105920K
  class space    used 7786K, committed 8064K, reserved 1048576K
}
Event: 504.040 GC heap after
{Heap after GC invocations=40 (full 4):
 garbage-first heap   total 83968K, used 29206K [0x0000000701400000, 0x0000000800000000)
  region size 2048K, 1 young (2048K), 1 survivors (2048K)
 Metaspace       used 62910K, committed 63488K, reserved 1105920K
  class space    used 7786K, committed 8064K, reserved 1048576K
}

